<?xml version="1.0" encoding="UTF-8"?>
<testsuite name="res.ResultTest" tests="3" skipped="0" failures="0" errors="0" timestamp="2026-02-09T09:20:49.704Z" hostname="DESKTOP-0GCNBLR" time="0.006">
  <properties/>
  <testcase name="testFail" classname="res.ResultTest" time="0.004"/>
  <testcase name="testInvalid" classname="res.ResultTest" time="0.0"/>
  <testcase name="testPass" classname="res.ResultTest" time="0.0"/>
  <system-out><![CDATA[]]></system-out>
  <system-err><![CDATA[]]></system-err>
</testsuite>
