<?xml version="1.0" encoding="UTF-8"?>
<testng-results ignored="0" total="3" passed="3" failed="0" skipped="0">
  <reporter-output>
  </reporter-output>
  <suite started-at="2026-02-09T14:11:40 IST" name="Surefire suite" finished-at="2026-02-09T14:11:40 IST" duration-ms="33">
    <groups>
    </groups>
    <test started-at="2026-02-09T14:11:40 IST" name="Surefire test" finished-at="2026-02-09T14:11:40 IST" duration-ms="33">
      <class name="res.ResultTest">
        <test-method signature="testFail()[pri:0, instance:res.ResultTest@6bf0219d]" started-at="2026-02-09T14:11:40 IST" name="testFail" finished-at="2026-02-09T14:11:40 IST" duration-ms="4" status="PASS">
          <reporter-output>
          </reporter-output>
        </test-method> <!-- testFail -->
        <test-method signature="testInvalid()[pri:0, instance:res.ResultTest@6bf0219d]" started-at="2026-02-09T14:11:40 IST" name="testInvalid" finished-at="2026-02-09T14:11:40 IST" duration-ms="0" status="PASS">
          <reporter-output>
          </reporter-output>
        </test-method> <!-- testInvalid -->
        <test-method signature="testPass()[pri:0, instance:res.ResultTest@6bf0219d]" started-at="2026-02-09T14:11:40 IST" name="testPass" finished-at="2026-02-09T14:11:40 IST" duration-ms="0" status="PASS">
          <reporter-output>
          </reporter-output>
        </test-method> <!-- testPass -->
      </class> <!-- res.ResultTest -->
    </test> <!-- Surefire test -->
  </suite> <!-- Surefire suite -->
</testng-results>
