<?xml version="1.0" encoding="UTF-8"?>
<!-- Generated by org.testng.reporters.JUnitReportReporter -->
<testsuite hostname="DESKTOP-0GCNBLR" failures="0" tests="3" name="res.ResultTest" time="0.004" errors="0" timestamp="2026-02-09T14:11:40 IST" skipped="0">
  <testcase classname="res.ResultTest" name="testInvalid" time="0.000"/>
  <testcase classname="res.ResultTest" name="testFail" time="0.004"/>
  <testcase classname="res.ResultTest" name="testPass" time="0.000"/>
</testsuite> <!-- res.ResultTest -->
